2026-07-02 10:36:56 | INFO     | services.bot_service | [BOT] Mensagens carregadas: pt, en
2026-07-02 10:36:56 | INFO     | utils.network_info | ============================================================
2026-07-02 10:36:56 | INFO     | utils.network_info | [REDE] IP do servidor: 192.168.15.40
2026-07-02 10:36:56 | INFO     | utils.network_info | [REDE] Protocolo de transporte: TCP/IP
2026-07-02 10:36:56 | INFO     | utils.network_info | [REDE] WhatsApp: HTTPS via Twilio  → TCP porta 443
2026-07-02 10:36:56 | INFO     | utils.network_info | [REDE] Telegram: HTTPS via Bot API  → TCP porta 443 (polling)
2026-07-02 10:36:56 | INFO     | utils.network_info | [REDE] Webhook Flask: TCP porta 5000 (túnel ngrok)
2026-07-02 10:36:56 | INFO     | utils.network_info | ============================================================
2026-07-02 10:36:56 | INFO     | __main__ | [APP] Thread do Telegram iniciada.
2026-07-02 10:36:56 | INFO     | __main__ | [APP] Flask iniciando na porta 5000...
2026-07-02 10:36:56 | INFO     | __main__ | [APP] Webhook WhatsApp: POST http://0.0.0.0:5000/whatsapp
2026-07-02 10:36:56 | INFO     | __main__ | [APP] Health check:     GET  http://0.0.0.0:5000/health
2026-07-02 10:36:57 | INFO     | controllers.telegram_controller | [TELEGRAM] Polling iniciado...
2026-07-02 10:36:57 | ERROR    | __main__ | [TELEGRAM] Erro na thread: The token `123456789:ABCDEFxxxxxxxxxxxxxxxxxxxxxxxxx` was rejected by the server.
2026-07-02 10:38:22 | INFO     | services.bot_service | [BOT] Mensagens carregadas: pt, en
2026-07-02 10:38:22 | INFO     | utils.network_info | ============================================================
2026-07-02 10:38:22 | INFO     | utils.network_info | [REDE] IP do servidor: 192.168.15.40
2026-07-02 10:38:22 | INFO     | utils.network_info | [REDE] Protocolo de transporte: TCP/IP
2026-07-02 10:38:22 | INFO     | utils.network_info | [REDE] WhatsApp: HTTPS via Twilio  → TCP porta 443
2026-07-02 10:38:22 | INFO     | utils.network_info | [REDE] Telegram: HTTPS via Bot API  → TCP porta 443 (polling)
2026-07-02 10:38:22 | INFO     | utils.network_info | [REDE] Webhook Flask: TCP porta 5000 (túnel ngrok)
2026-07-02 10:38:22 | INFO     | utils.network_info | ============================================================
2026-07-02 10:38:22 | INFO     | __main__ | [APP] Thread do Telegram iniciada.
2026-07-02 10:38:22 | INFO     | __main__ | [APP] Flask iniciando na porta 5000...
2026-07-02 10:38:22 | INFO     | __main__ | [APP] Webhook WhatsApp: POST http://0.0.0.0:5000/whatsapp
2026-07-02 10:38:22 | INFO     | __main__ | [APP] Health check:     GET  http://0.0.0.0:5000/health
2026-07-02 10:38:23 | INFO     | controllers.telegram_controller | [TELEGRAM] Polling iniciado...
2026-07-02 10:38:24 | ERROR    | __main__ | [TELEGRAM] Erro na thread: The token `123456789:ABCDEFxxxxxxxxxxxxxxxxxxxxxxxxx` was rejected by the server.
2026-07-02 10:43:03 | INFO     | services.bot_service | [BOT] Mensagens carregadas: pt, en
2026-07-02 10:43:03 | INFO     | utils.network_info | ============================================================
2026-07-02 10:43:03 | INFO     | utils.network_info | [REDE] IP do servidor: 192.168.15.40
2026-07-02 10:43:03 | INFO     | utils.network_info | [REDE] Protocolo de transporte: TCP/IP
2026-07-02 10:43:03 | INFO     | utils.network_info | [REDE] WhatsApp: HTTPS via Twilio  → TCP porta 443
2026-07-02 10:43:03 | INFO     | utils.network_info | [REDE] Telegram: HTTPS via Bot API  → TCP porta 443 (polling)
2026-07-02 10:43:03 | INFO     | utils.network_info | [REDE] Webhook Flask: TCP porta 5000 (túnel ngrok)
2026-07-02 10:43:03 | INFO     | utils.network_info | ============================================================
2026-07-02 10:43:03 | INFO     | __main__ | [APP] Thread do Telegram iniciada.
2026-07-02 10:43:03 | INFO     | __main__ | [APP] Flask iniciando na porta 5000...
2026-07-02 10:43:03 | INFO     | __main__ | [APP] Webhook WhatsApp: POST http://0.0.0.0:5000/whatsapp
2026-07-02 10:43:03 | INFO     | __main__ | [APP] Health check:     GET  http://0.0.0.0:5000/health
2026-07-02 10:43:03 | INFO     | controllers.telegram_controller | [TELEGRAM] Polling iniciado...
2026-07-02 10:43:04 | ERROR    | __main__ | [TELEGRAM] Erro na thread: The token `123456789:ABCDEFxxxxxxxxxxxxxxxxxxxxxxxxx` was rejected by the server.
2026-07-05 11:49:57 | INFO     | services.bot_service | [BOT] Mensagens carregadas: pt, en
2026-07-05 11:49:57 | INFO     | services.session_service | [SESSÃO] Nova sessão: user=anon-9ce4b00d041d plataforma=whatsapp
2026-07-05 11:49:57 | INFO     | services.bot_service | [MSG] plataforma=whatsapp user=anon-9ce4b00d041d estado=WELCOME msg='oi'
2026-07-05 11:49:57 | INFO     | services.bot_service | [MSG] plataforma=whatsapp user=anon-9ce4b00d041d estado=WELCOME msg='1'
2026-07-05 11:49:57 | INFO     | services.bot_service | [MSG] plataforma=whatsapp user=anon-9ce4b00d041d estado=MAIN_MENU msg='2'
2026-07-05 11:49:57 | INFO     | services.bot_service | [MSG] plataforma=whatsapp user=anon-9ce4b00d041d estado=SYSTEMS_ACCESS_MENU msg='1'
2026-07-05 11:49:57 | INFO     | services.bot_service | [MSG] plataforma=whatsapp user=anon-9ce4b00d041d estado=SYSTEMS_ACCESS_DETAIL msg='menu'
2026-07-05 11:49:57 | INFO     | services.bot_service | [MSG] plataforma=whatsapp user=anon-9ce4b00d041d estado=MAIN_MENU msg='3'
2026-07-05 11:49:57 | INFO     | services.bot_service | [MSG] plataforma=whatsapp user=anon-9ce4b00d041d estado=ID_UDESC msg='menu'
2026-07-05 11:49:57 | INFO     | services.bot_service | [MSG] plataforma=whatsapp user=anon-9ce4b00d041d estado=MAIN_MENU msg='4'
2026-07-05 11:49:57 | INFO     | services.bot_service | [MSG] plataforma=whatsapp user=anon-9ce4b00d041d estado=SYSTEMS_MENU msg='6'
2026-07-05 11:49:57 | INFO     | services.bot_service | [MSG] plataforma=whatsapp user=anon-9ce4b00d041d estado=SYSTEM_DETAIL msg='menu'
2026-07-05 11:49:57 | INFO     | services.bot_service | [MSG] plataforma=whatsapp user=anon-9ce4b00d041d estado=MAIN_MENU msg='5'
2026-07-05 11:49:57 | INFO     | services.bot_service | [MSG] plataforma=whatsapp user=anon-9ce4b00d041d estado=CPF_SELECT msg='1'
2026-07-05 11:49:57 | INFO     | services.bot_service | [MSG] plataforma=whatsapp user=anon-9ce4b00d041d estado=CPF_DETAIL msg='menu'
2026-07-05 11:49:57 | INFO     | services.bot_service | [MSG] plataforma=whatsapp user=anon-9ce4b00d041d estado=MAIN_MENU msg='6'
2026-07-05 11:49:57 | INFO     | services.bot_service | [MSG] plataforma=whatsapp user=anon-9ce4b00d041d estado=TUTORIA_SELECT msg='1'
2026-07-05 11:49:57 | INFO     | services.bot_service | [MSG] plataforma=whatsapp user=anon-9ce4b00d041d estado=TUTORIA_DETAIL msg='menu'
2026-07-05 11:49:57 | INFO     | services.bot_service | [MSG] plataforma=whatsapp user=anon-9ce4b00d041d estado=MAIN_MENU msg='7'
2026-07-05 11:49:57 | INFO     | services.bot_service | [MSG] plataforma=whatsapp user=anon-9ce4b00d041d estado=SOE msg='menu'
2026-07-05 11:49:57 | INFO     | services.bot_service | [MSG] plataforma=whatsapp user=anon-9ce4b00d041d estado=MAIN_MENU msg='8'
2026-07-05 11:49:57 | INFO     | services.bot_service | [MSG] plataforma=whatsapp user=anon-9ce4b00d041d estado=RESIDENCIA_SELECT msg='5'
2026-07-05 11:49:57 | INFO     | services.bot_service | [MSG] plataforma=whatsapp user=anon-9ce4b00d041d estado=RESIDENCIA_DETAIL msg='menu'
2026-07-05 11:49:57 | INFO     | services.bot_service | [MSG] plataforma=whatsapp user=anon-9ce4b00d041d estado=MAIN_MENU msg='9'
2026-07-05 11:49:57 | INFO     | services.bot_service | [MSG] plataforma=whatsapp user=anon-9ce4b00d041d estado=FAQ_MENU msg='menu'
2026-07-05 11:49:57 | INFO     | services.bot_service | [MSG] plataforma=whatsapp user=anon-9ce4b00d041d estado=MAIN_MENU msg='10'
2026-07-05 11:49:57 | INFO     | services.bot_service | [MSG] plataforma=whatsapp user=anon-9ce4b00d041d estado=EMERGENCY msg='menu'
2026-07-05 11:49:57 | INFO     | services.bot_service | [MSG] plataforma=whatsapp user=anon-9ce4b00d041d estado=MAIN_MENU msg='5'
2026-07-05 11:49:57 | INFO     | services.bot_service | [MSG] plataforma=whatsapp user=anon-9ce4b00d041d estado=CPF_SELECT msg='1'
2026-07-05 11:49:57 | INFO     | services.bot_service | [MSG] plataforma=whatsapp user=anon-9ce4b00d041d estado=CPF_DETAIL msg='voltar'
2026-07-05 11:49:57 | INFO     | services.bot_service | [MSG] plataforma=whatsapp user=anon-9ce4b00d041d estado=CPF_SELECT msg='menu'
2026-07-05 11:49:57 | INFO     | services.bot_service | [MSG] plataforma=whatsapp user=anon-9ce4b00d041d estado=MAIN_MENU msg='cpf'
2026-07-05 11:49:57 | INFO     | services.keyword_service | [KEYWORD] Correspondência: 'cpf' → opção 5
2026-07-05 11:49:57 | INFO     | services.bot_service | [MSG] plataforma=whatsapp user=anon-9ce4b00d041d estado=CPF_SELECT msg='menu'
2026-07-05 11:49:57 | INFO     | services.bot_service | [MSG] plataforma=whatsapp user=anon-9ce4b00d041d estado=MAIN_MENU msg='moodle'
2026-07-05 11:49:57 | INFO     | services.keyword_service | [KEYWORD] Correspondência: 'moodle' → opção 2
2026-07-05 11:49:57 | INFO     | services.bot_service | [MSG] plataforma=whatsapp user=anon-9ce4b00d041d estado=SYSTEMS_ACCESS_MENU msg='menu'
2026-07-05 11:49:57 | INFO     | services.bot_service | [MSG] plataforma=whatsapp user=anon-9ce4b00d041d estado=MAIN_MENU msg='sair'
2026-07-05 11:49:57 | INFO     | services.session_service | [SESSÃO] Encerrada: user=anon-9ce4b00d041d
2026-07-05 11:49:57 | INFO     | services.session_service | [SESSÃO] Nova sessão: user=anon-de97b0352610 plataforma=telegram
2026-07-05 11:49:57 | INFO     | services.bot_service | [MSG] plataforma=telegram user=anon-de97b0352610 estado=WELCOME msg='start'
2026-07-05 11:49:57 | INFO     | services.bot_service | [MSG] plataforma=telegram user=anon-de97b0352610 estado=WELCOME msg='2'
2026-07-05 11:49:57 | INFO     | services.bot_service | [MSG] plataforma=telegram user=anon-de97b0352610 estado=MAIN_MENU msg='5'
2026-07-05 11:49:57 | INFO     | services.bot_service | [MSG] plataforma=telegram user=anon-de97b0352610 estado=CPF_SELECT msg='2'
2026-07-05 11:52:00 | INFO     | services.bot_service | [BOT] Mensagens carregadas: pt, en
2026-07-05 11:57:04 | INFO     | services.bot_service | [BOT] Mensagens carregadas: pt, en
2026-07-05 12:00:06 | INFO     | services.bot_service | [BOT] Mensagens carregadas: pt, en
2026-07-05 12:00:06 | INFO     | utils.network_info | [REDE] origem=None:desconhecida destino=192.168.1.31:80 protocolo=TCP
2026-07-05 12:00:06 | INFO     | controllers.whatsapp_controller | [WHATSAPP] De: anon-49e554da295e | Mensagem: 'oi'
2026-07-05 12:00:06 | INFO     | services.session_service | [SESSÃO] Nova sessão: user=anon-49e554da295e plataforma=whatsapp
2026-07-05 12:00:06 | INFO     | services.bot_service | [MSG] plataforma=whatsapp user=anon-49e554da295e estado=WELCOME msg='oi'
2026-07-05 12:00:06 | INFO     | utils.network_info | [REDE] origem=None:desconhecida destino=192.168.1.31:80 protocolo=TCP
2026-07-05 12:00:06 | INFO     | controllers.whatsapp_controller | [WHATSAPP] De: anon-49e554da295e | Mensagem: '1'
2026-07-05 12:00:06 | INFO     | services.bot_service | [MSG] plataforma=whatsapp user=anon-49e554da295e estado=WELCOME msg='1'
2026-07-05 12:00:06 | INFO     | utils.network_info | [REDE] origem=None:desconhecida destino=192.168.1.31:80 protocolo=TCP
2026-07-05 12:00:06 | INFO     | controllers.web_controller | [WEB] user=anon-b20fa52027ff msg='oi'
2026-07-05 12:00:06 | INFO     | services.session_service | [SESSÃO] Nova sessão: user=anon-b20fa52027ff plataforma=web
2026-07-05 12:00:06 | INFO     | services.bot_service | [MSG] plataforma=web user=anon-b20fa52027ff estado=WELCOME msg='oi'
